d:\c++\projects\zombiesim\zombiesim\zombiesim\debug\vc140.pdb
d:\c++\projects\zombiesim\zombiesim\zombiesim\debug\vc140.idb
d:\c++\projects\zombiesim\zombiesim\zombiesim\debug\city.obj
d:\c++\projects\zombiesim\zombiesim\zombiesim\debug\driver.obj
d:\c++\projects\zombiesim\zombiesim\zombiesim\debug\human.obj
d:\c++\projects\zombiesim\zombiesim\zombiesim\debug\organism.obj
d:\c++\projects\zombiesim\zombiesim\zombiesim\debug\zombie.obj
d:\c++\projects\zombiesim\zombiesim\debug\zombiesim.pdb
d:\c++\projects\zombiesim\zombiesim\zombiesim\debug\zombiesim.tlog\cl.read.1.tlog
d:\c++\projects\zombiesim\zombiesim\zombiesim\debug\zombiesim.tlog\cl.write.1.tlog
d:\c++\projects\zombiesim\zombiesim\zombiesim\debug\zombiesim.tlog\cl.command.1.tlog
d:\c++\projects\zombiesim\zombiesim\zombiesim\debug\zombiesim.tlog\link.read.1.tlog
d:\c++\projects\zombiesim\zombiesim\zombiesim\debug\zombiesim.tlog\link.write.1.tlog
d:\c++\projects\zombiesim\zombiesim\zombiesim\debug\zombiesim.tlog\link.command.1.tlog
d:\c++\projects\zombiesim\zombiesim\zombiesim\debug\zombiesim.tlog\link.7760-rc.read.1.tlog
d:\c++\projects\zombiesim\zombiesim\zombiesim\debug\zombiesim.tlog\link.7760-rc.write.1.tlog
d:\c++\projects\zombiesim\zombiesim\zombiesim\debug\zombiesim.tlog\link.7760-cvtres.read.1.tlog
d:\c++\projects\zombiesim\zombiesim\zombiesim\debug\zombiesim.tlog\link.7760-cvtres.write.1.tlog
d:\c++\projects\zombiesim\zombiesim\zombiesim\debug\zombiesim.tlog\link.7760.read.1.tlog
d:\c++\projects\zombiesim\zombiesim\zombiesim\debug\zombiesim.tlog\link.7760.write.1.tlog
